<?xml version="1.0" encoding="UTF-8"?>
<testsuite name="InvoiceServiceTest" tests="1" skipped="0" failures="0" errors="0" timestamp="2020-10-24T05:04:27" hostname="swapnaneels-MacBook-Air.local" time="0.004">
  <properties/>
  <testcase name="givenMultipleRides_ShouldReturnTotFare" classname="InvoiceServiceTest" time="0.004"/>
  <system-out><![CDATA[]]></system-out>
  <system-err><![CDATA[]]></system-err>
</testsuite>
